app/build/outputs/mapping/release/mapping.txt
# compiler: R8
# compiler_version: 4.0.52
# min_api: 24
# common_typos_disable
# {"id":"com.android.tools.r8.mapping","version":"2.1"}
# pg_map_id: c79f9e7
# pg_map_hash: SHA-256 c79f9e7bfd53c04bec434cd3e9f73ecda5fae124cdf2dc4647bf5eb17e13ba8a
com.velvettouch.nosafeword.BodyWorshipActivity -> com.velvettouch.nosafeword.BodyWorshipActivity:
    android.widget.Spinner maxTimeSpinner -> j
    android.os.CountDownTimer autoPlayTimer -> v
    androidx.appcompat.app.ActionBarDrawerToggle drawerToggle -> n
    boolean isAutoPlayOn -> u
    java.util.List actionWords -> z
    boolean isTtsEnabled -> q
    androidx.appcompat.widget.Toolbar toolbar -> k
    com.google.android.material.button.MaterialButton randomizeButton -> e
    com.google.android.material.navigation.NavigationView navigationView -> m
    java.util.List bodyParts -> A
    float voiceSpeed -> s
    int minTimeSeconds -> w
    android.speech.tts.TextToSpeech textToSpeech -> o
    boolean isTtsReady -> p
    android.widget.Spinner minTimeSpinner -> i
    java.util.List timeOptions -> y
    android.widget.LinearLayout autoPlaySettings -> h
    int $r8$clinit -> B
    com.google.android.material.button.MaterialButton autoPlayButton -> f
    android.widget.TextView bodyWorshipTextView -> c
    int maxTimeSeconds -> x
    android.widget.TextView timerTextView -> g
    float voicePitch -> r
    int gestureCount -> t
    androidx.drawerlayout.widget.DrawerLayout drawerLayout -> l
    100:156:void speakNextTask(java.lang.String):0:0 -> d
    100:156:void displayRandomInstruction():0 -> d
    157:174:void displayRandomInstruction():0:0 -> d
    void startAutoPlay() -> e
    40:67:void loadVoiceSettings():0:0 -> onCreate
com.velvettouch.nosafeword.BodyWorshipActivity$$ExternalSyntheticLambda0 -> com.velvettouch.nosafeword.a:
# {"id":"sourceFile","fileName":"R8$$SyntheticClass"}
# {"id":"com.android.tools.r8.synthesized"}
    com.velvettouch.nosafeword.BodyWorshipActivity com.velvettouch.nosafeword.BodyWorshipActivity$$InternalSyntheticLambda$1$a54d3a212c59f92aefd7585c2a15a6cedcdffcdd63422f4715db709e7d781bb3$1.f$0 -> e
    int com.velvettouch.nosafeword.BodyWorshipActivity$$InternalSyntheticLambda$1$a54d3a212c59f92aefd7585c2a15a6cedcdffcdd63422f4715db709e7d781bb3$1.$r8$classId -> c
    0:65535:void com.velvettouch.nosafeword.BodyWorshipActivity$$InternalSyntheticLambda$1$a54d3a212c59f92aefd7585c2a15a6cedcdffcdd63422f4715db709e7d781bb3$1.<init>(com.velvettouch.nosafeword.BodyWorshipActivity):0:0 -> <init>
    0:65535:void com.velvettouch.nosafeword.BodyWorshipActivity$$InternalSyntheticLambda$1$a54d3a212c59f92aefd7585c2a15a6cedcdffcdd63422f4715db709e7d781bb3$1.$r8$init$synthetic(com.velvettouch.nosafeword.BodyWorshipActivity,int):0 -> <init>
      # {"id":"com.android.tools.r8.synthesized"}
    16:18:void com.velvettouch.nosafeword.BodyWorshipActivity.onCreate$lambda$2(com.velvettouch.nosafeword.BodyWorshipActivity,android.view.View):0:0 -> onClick
    16:18:void com.velvettouch.nosafeword.BodyWorshipActivity$$InternalSyntheticLambda$1$a54d3a212c59f92aefd7585c2a15a6cedcdffcdd63422f4715db709e7d781bb3$1.onClick$bridge(android.view.View):0 -> onClick
...
kotlinx.coroutines.channels.Channel$Factory -> kotlinx.coroutines.channels.d$a:
    int CHANNEL_DEFAULT_CAPACITY -> b
    kotlinx.coroutines.channels.Channel$Factory $$INSTANCE -> a
    19:23:int kotlinx.coroutines.internal.SystemPropsKt__SystemProps_commonKt.systemProp(java.lang.String,int,int,int):0:0 -> <clinit>
    19:23:int kotlinx.coroutines.internal.SystemPropsKt.systemProp(java.lang.String,int,int,int):0 -> <clinit>
    19:23:void <clinit>():0 -> <clinit>
    24:26:void <clinit>():0:0 -> <clinit>
kotlinx.coroutines.channels.ChannelCoroutine -> kotlinx.coroutines.channels.e:
    kotlinx.coroutines.channels.Channel _channel -> f
    6:9:boolean kotlinx.coroutines.JobSupport.cancelCoroutine(java.lang.Throwable):0:0 -> F
    6:9:void cancelInternal(java.lang.Throwable):0 -> F
    12:16:java.lang.String kotlinx.coroutines.JobSupport.access$cancellationExceptionMessage(kotlinx.coroutines.JobSupport):0:0 -> b
    12:16:void cancel(java.util.concurrent.CancellationException):0 -> b
    17:23:void cancel(java.util.concurrent.CancellationException):0:0 -> b
    boolean close(java.lang.Throwable) -> e
    kotlinx.coroutines.selects.SelectClause1 getOnReceive() -> j
    kotlinx.coroutines.selects.SelectClause1 getOnReceiveCatching() -> k
    java.lang.Object trySend-JP2dKIU(java.lang.Object) -> o
    void invokeOnClose(kotlin.jvm.functions.Function1) -> r
    java.lang.Object tryReceive-PtdJZtk() -> s
    java.lang.Object send(java.lang.Object,kotlin.coroutines.Continuation) -> v
    7:9:java.lang.Object kotlin.coroutines.intrinsics.IntrinsicsKt__IntrinsicsKt.getCOROUTINE_SUSPENDED():0:0 -> x
    7:9:java.lang.Object receiveCatching-JP2dKIU(kotlin.coroutines.Continuation):0 -> x
    boolean isClosedForSend() -> y
kotlinx.coroutines.channels.ChannelIterator -> kotlinx.coroutines.channels.f:
    java.lang.Object hasNext(kotlin.coroutines.Continuation) -> a
kotlinx.coroutines.channels.ChannelIterator$next0$1 -> kotlinx.coroutines.channels.ChannelIterator$next0$1:
    15:25:java.lang.Object kotlinx.coroutines.channels.ChannelIterator$DefaultImpls.next(kotlinx.coroutines.channels.ChannelIterator,kotlin.coroutines.Continuation):0:0 -> invokeSuspend
    15:25:java.lang.Object invokeSuspend(java.lang.Object):0 -> invokeSuspend
    26:27:java.lang.Object kotlin.coroutines.intrinsics.IntrinsicsKt__IntrinsicsKt.getCOROUTINE_SUSPENDED():0:0 -> invokeSuspend
    26:27:java.lang.Object kotlinx.coroutines.channels.ChannelIterator$DefaultImpls.next(kotlinx.coroutines.channels.ChannelIterator,kotlin.coroutines.Continuation):0 -> invokeSuspend
    26:27:java.lang.Object invokeSuspend(java.lang.Object):0 -> invokeSuspend
    28:79:java.lang.Object kotlinx.coroutines.channels.ChannelIterator$DefaultImpls.next(kotlinx.coroutines.channels.ChannelIterator,kotlin.coroutines.Continuation):0:0 -> invokeSuspend
    28:79:java.lang.Object invokeSuspend(java.lang.Object):0 -> invokeSuspend
kotlinx.coroutines.channels.ChannelResult -> kotlinx.coroutines.channels.g:
    kotlinx.coroutines.channels.ChannelResult$Failed failed -> b
    java.lang.Object holder -> a
    java.lang.Throwable exceptionOrNull-impl(java.lang.Object) -> a
    1:8:boolean equals-impl(java.lang.Object,java.lang.Object):0:0 -> equals
    1:8:boolean equals(java.lang.Object):0 -> equals
    9:10:java.lang.Object unbox-impl():0:0 -> equals
    9:10:boolean equals-impl(java.lang.Object,java.lang.Object):0 -> equals
      # {"id":"com.android.tools.r8.rewriteFrame","conditions":["throws(Ljava/lang/NullPointerException;)"],"actions":["removeInnerFrames(1)"]}
    9:10:boolean equals(java.lang.Object):0 -> equals
    11:21:boolean equals-impl(java.lang.Object,java.lang.Object):0:0 -> equals
    11:21:boolean equals(java.lang.Object):0 -> equals
    0:65535:int hashCode-impl(java.lang.Object):0:0 -> hashCode
    0:65535:int hashCode():0 -> hashCode
    0:65535:java.lang.String toString-impl(java.lang.Object):0:0 -> toString
    0:65535:java.lang.String toString():0 -> toString