app/build/outputs/mapping/release/usage.txt
com.velvettouch.nosafeword.BodyWorshipActivity:
    public static final float DEFAULT_PITCH
    public static final float DEFAULT_SPEED
    public static final java.lang.String PREF_VOICE_PITCH
    public static final java.lang.String PREF_VOICE_SETTINGS
    public static final java.lang.String PREF_VOICE_SPEED
com.velvettouch.nosafeword.BuildConfig
com.velvettouch.nosafeword.DeveloperSettingsActivity:
    public static final float DEFAULT_PITCH
    public static final float DEFAULT_SPEED
    public static final java.lang.String PREF_VOICE_PITCH
    public static final java.lang.String PREF_VOICE_SETTINGS
    public static final java.lang.String PREF_VOICE_SPEED
com.velvettouch.nosafeword.MainActivity:
    private static final int MODE_EDIT
    private static final int MODE_FAVORITES
    private static final int MODE_RANDOM
    private static final java.lang.String SCENES_FILENAME
    static synthetic void updateFavoriteIcon$default(com.velvettouch.nosafeword.MainActivity,android.view.Menu,int,java.lang.Object)
com.velvettouch.nosafeword.PositionsActivity:
    private final void toggleAutoPlaySettings()
com.velvettouch.nosafeword.Scene:
    public final int component1()
    public final java.lang.String component2()
    public final java.lang.String component3()
    public final com.velvettouch.nosafeword.Scene copy(int,java.lang.String,java.lang.String)
    public static synthetic com.velvettouch.nosafeword.Scene copy$default(com.velvettouch.nosafeword.Scene,int,java.lang.String,java.lang.String,int,java.lang.Object)
com.velvettouch.nosafeword.SettingsActivity:
    public static final int THEME_DARK
    public static final int THEME_LIGHT
    public static final int THEME_SYSTEM
com.velvettouch.nosafeword.cardstack.CardStackView:
    public void <init>(android.content.Context)
    public final void swipeTopCardLeft()
    public final void swipeTopCardRight()
com.velvettouch.nosafeword.cardstack.SceneCardAdapter$CardViewHolder
com.velvettouch.nosafeword.cardstack.SceneCardAdapter
com.velvettouch.nosafeword.cardstack.SceneCardViewHolder
com.velvettouch.nosafeword.BodyWorshipActivity$$InternalSyntheticLambda$1$a54d3a212c59f92aefd7585c2a15a6cedcdffcdd63422f4715db709e7d781bb3$0
com.velvettouch.nosafeword.BodyWorshipActivity$$InternalSyntheticLambda$1$a54d3a212c59f92aefd7585c2a15a6cedcdffcdd63422f4715db709e7d781bb3$2
com.velvettouch.nosafeword.BodyWorshipActivity$$InternalSyntheticLambda$2$67c160fa3b18d8f14d727252656fd7c9502921c51b72d95aff1c2c81c820ed8e$0
com.velvettouch.nosafeword.BodyWorshipActivity$$InternalSyntheticLambda$3$08f43c82635d4eeeea3abca02afdedbfce6a1eac1e525852bec111b7891740a8$0
com.velvettouch.nosafeword.BodyWorshipActivity$VoiceSettings
com.velvettouch.nosafeword.BodyWorshipActivity:
    public static final com.velvettouch.nosafeword.BodyWorshipActivity$VoiceSettings VoiceSettings
    public static void <clinit>()
    public static final synthetic void access$displayRandomInstruction()
    public static final synthetic android.widget.TextView access$getBodyWorshipTextView$p()
    public static final synthetic int access$getMaxTimeSeconds$p()
    public static final synthetic int access$getMinTimeSeconds$p()
    public static final synthetic java.util.List access$getTimeOptions$p()
    public static final synthetic void access$startAutoPlay()
    public final java.lang.String formatTime()
    public static void loadVoiceSettings()
    public static void openDeveloperSettings()
    public final void setupSpinners()
    public static void speakNextTask()
    public final void stopAutoPlay()
    public final void toggleAutoPlay()
    public final void updateButtonLayout()
com.velvettouch.nosafeword.DeveloperSettingsActivity$$InternalSyntheticLambda$1$75babceb8fb338b239b3456e8706e242eb4100ffbc4639f3287de59cb0c47c2d$1
com.velvettouch.nosafeword.DeveloperSettingsActivity$Settings
...
com.google.android.material.transition.platform.SlideDistanceProvider$GravityFlag
com.google.android.material.transition.platform.SlideDistanceProvider
com.google.android.material.transition.platform.TransitionListenerAdapter
com.google.android.material.transition.platform.TransitionUtils$1
com.google.android.material.transition.platform.TransitionUtils$CornerSizeBinaryOperator
com.google.android.material.transition.platform.TransitionUtils
com.google.android.material.transition.platform.VisibilityAnimatorProvider
com.google.errorprone.annotations.CanIgnoreReturnValue
com.google.errorprone.annotations.CheckReturnValue
com.google.errorprone.annotations.CompatibleWith
com.google.errorprone.annotations.CompileTimeConstant
com.google.errorprone.annotations.DoNotCall
com.google.errorprone.annotations.DoNotMock
com.google.errorprone.annotations.ForOverride
com.google.errorprone.annotations.FormatMethod
com.google.errorprone.annotations.FormatString
com.google.errorprone.annotations.Immutable
com.google.errorprone.annotations.IncompatibleModifiers
com.google.errorprone.annotations.InlineMe
com.google.errorprone.annotations.InlineMeValidationDisabled
com.google.errorprone.annotations.Keep
com.google.errorprone.annotations.MustBeClosed
com.google.errorprone.annotations.NoAllocation
com.google.errorprone.annotations.OverridingMethodsMustInvokeSuper
com.google.errorprone.annotations.RequiredModifiers
com.google.errorprone.annotations.RestrictedApi
com.google.errorprone.annotations.SuppressPackageLocation
com.google.errorprone.annotations.Var
com.google.errorprone.annotations.concurrent.GuardedBy
com.google.errorprone.annotations.concurrent.LazyInit
com.google.errorprone.annotations.concurrent.LockMethod
com.google.errorprone.annotations.concurrent.UnlockMethod
kotlin.ArrayIntrinsicsKt
kotlin.BuilderInference
kotlin.CharCodeJVMKt
kotlin.CharCodeKt
kotlin.CompareToKt
kotlin.ContextFunctionTypeParams
kotlin.DeepRecursiveFunction
kotlin.DeepRecursiveKt
kotlin.DeepRecursiveScope
kotlin.DeepRecursiveScopeImpl$crossFunctionCompletion$$inlined$Continuation$1
kotlin.DeepRecursiveScopeImpl
kotlin.Deprecated
kotlin.DeprecatedSinceKotlin
kotlin.DslMarker
kotlin.ExceptionsKt:
    private void <init>()
kotlin.ExceptionsKt__ExceptionsKt:
    public void <init>()
    public static final java.lang.StackTraceElement[] getStackTrace(java.lang.Throwable)
    public static synthetic void getStackTrace$annotations(java.lang.Throwable)
    public static final java.util.List getSuppressedExceptions(java.lang.Throwable)
    public static synthetic void getSuppressedExceptions$annotations(java.lang.Throwable)
    private static final void printStackTrace(java.lang.Throwable)
    private static final void printStackTrace(java.lang.Throwable,java.io.PrintStream)
    private static final void printStackTrace(java.lang.Throwable,java.io.PrintWriter)
    public static final java.lang.String stackTraceToString(java.lang.Throwable)
kotlin.ExperimentalMultiplatform
kotlin.ExperimentalStdlibApi
kotlin.ExperimentalSubclassOptIn
kotlin.ExperimentalUnsignedTypes
kotlin.ExtensionFunctionType
kotlin.HashCodeKt
kotlin.KotlinVersion$Companion
kotlin.KotlinVersion
kotlin.KotlinVersionCurrentValue
kotlin.LateinitKt
kotlin.Lazy:
    public abstract boolean isInitialized()
kotlin.LazyKt:
    private void <init>()
kotlin.LazyKt__LazyJVMKt$WhenMappings
kotlin.LazyKt__LazyJVMKt:
    public void <init>()
    public static final kotlin.Lazy lazy(java.lang.Object,kotlin.jvm.functions.Function0)
    public static final kotlin.Lazy lazy(kotlin.LazyThreadSafetyMode,kotlin.jvm.functions.Function0)
kotlin.LazyKt__LazyKt:
    public void <init>()
    private static final java.lang.Object getValue(kotlin.Lazy,java.lang.Object,kotlin.reflect.KProperty)
    public static final kotlin.Lazy lazyOf(java.lang.Object)
kotlin.Metadata$DefaultImpls
kotlin.Metadata
kotlin.NumbersKt
kotlin.NumbersKt__BigDecimalsKt
kotlin.NumbersKt__BigIntegersKt
kotlin.NumbersKt__FloorDivModKt